2017-12-17 15:38:36,435 - Starting inviteNewsRepositoryTest on Akk-mbp.local with PID 1574 (started by Akk_Mac in /Users/Akk_mac/E_pan/IntelliJidea Project File/SpringIO项目/gokeeper-mix/gokeeper-demo)
2017-12-17 15:38:36,436 - No active profile set, falling back to default profiles: default
2017-12-17 15:38:36,473 - Refreshing org.springframework.web.context.support.GenericWebApplicationContext@68878f6d: startup date [Sun Dec 17 15:38:36 CST 2017]; root of context hierarchy
2017-12-17 15:38:36,920 - HV000001: Hibernate Validator 5.3.5.Final
2017-12-17 15:38:37,530 - Multiple Spring Data modules found, entering strict repository configuration mode!
2017-12-17 15:38:37,666 - Multiple Spring Data modules found, entering strict repository configuration mode!
2017-12-17 15:38:37,717 - Spring Data Redis - Could not safely identify store assignment for repository candidate interface com.gokeeper.repository.InviteNewsRepository.
2017-12-17 15:38:37,718 - Spring Data Redis - Could not safely identify store assignment for repository candidate interface com.gokeeper.repository.TTpDetailRepository.
2017-12-17 15:38:37,718 - Spring Data Redis - Could not safely identify store assignment for repository candidate interface com.gokeeper.repository.UserRecordRepository.
2017-12-17 15:38:37,719 - Spring Data Redis - Could not safely identify store assignment for repository candidate interface com.gokeeper.repository.TtpNewsRepository.
2017-12-17 15:38:37,720 - Spring Data Redis - Could not safely identify store assignment for repository candidate interface com.gokeeper.repository.UserTtpRepository.
2017-12-17 15:38:37,720 - Spring Data Redis - Could not safely identify store assignment for repository candidate interface com.gokeeper.repository.SystemNewsRspository.
2017-12-17 15:38:37,721 - Spring Data Redis - Could not safely identify store assignment for repository candidate interface com.gokeeper.repository.TtpTypeRepository.
2017-12-17 15:38:37,721 - Spring Data Redis - Could not safely identify store assignment for repository candidate interface com.gokeeper.repository.UserInfoRepository.
2017-12-17 15:38:38,109 - JSR-330 'javax.inject.Inject' annotation found and supported for autowiring
2017-12-17 15:38:41,546 - Building JPA container EntityManagerFactory for persistence unit 'default'
2017-12-17 15:38:41,563 - HHH000204: Processing PersistenceUnitInfo [
	name: default
	...]
2017-12-17 15:38:41,703 - HHH000412: Hibernate Core {5.0.12.Final}
2017-12-17 15:38:41,706 - HHH000206: hibernate.properties not found
2017-12-17 15:38:41,708 - HHH000021: Bytecode provider name : javassist
2017-12-17 15:38:41,749 - HCANN000001: Hibernate Commons Annotations {5.0.1.Final}
2017-12-17 15:38:41,877 - HHH000400: Using dialect: org.hibernate.dialect.MySQL5Dialect
2017-12-17 15:38:42,373 - Initialized JPA EntityManagerFactory for persistence unit 'default'
2017-12-17 15:38:43,196 - Initializing ExecutorService  'defaultSockJsTaskScheduler'
2017-12-17 15:38:43,257 - Mapped URL path [/webSocketServer] onto handler of type [class org.springframework.web.socket.server.support.WebSocketHttpRequestHandler]
2017-12-17 15:38:43,257 - Mapped URL path [/sockjs/webSocketServer/**] onto handler of type [class org.springframework.web.socket.sockjs.support.SockJsHttpRequestHandler]
2017-12-17 15:38:43,786 - Looking for @ControllerAdvice: org.springframework.web.context.support.GenericWebApplicationContext@68878f6d: startup date [Sun Dec 17 15:38:36 CST 2017]; root of context hierarchy
2017-12-17 15:38:43,863 - Mapped "{[/sessionout],methods=[POST]}" onto public void com.gokeeper.controller.SessionController.signOut(javax.servlet.http.HttpServletRequest)
2017-12-17 15:38:43,866 - Mapped "{[/login/authentication/mobile],methods=[GET]}" onto public com.gokeeper.vo.ResultVO com.gokeeper.controller.UserLogin.sms(java.lang.String,java.lang.String,javax.servlet.http.HttpServletRequest)
2017-12-17 15:38:43,867 - Mapped "{[/login/authentication/oldmobile],methods=[GET]}" onto public com.gokeeper.vo.ResultVO com.gokeeper.controller.UserLogin.oldsms(java.lang.String,javax.servlet.http.HttpServletRequest)
2017-12-17 15:38:43,867 - Mapped "{[/login/authentication/oicq],methods=[GET]}" onto public com.gokeeper.vo.ResultVO com.gokeeper.controller.UserLogin.oicqlogin(java.lang.String,java.lang.String,java.lang.String,java.lang.Integer,java.lang.String,javax.servlet.http.HttpServletRequest)
2017-12-17 15:38:43,867 - Mapped "{[/login/authentication/weixin],methods=[GET]}" onto public com.gokeeper.vo.ResultVO com.gokeeper.controller.UserLogin.weixinlogin(java.lang.String,java.lang.String,java.lang.String,java.lang.Integer,java.lang.String,javax.servlet.http.HttpServletRequest)
2017-12-17 15:38:43,869 - Mapped "{[/websocket/systemnews],methods=[POST]}" onto public void com.gokeeper.controller.WebsocketController.sandSystemNews(java.lang.String,java.lang.String,javax.servlet.http.HttpServletRequest)
2017-12-17 15:38:43,870 - Mapped "{[/websocket/go/invite],methods=[POST]}" onto public void com.gokeeper.controller.WebsocketController.sendInviteNews(java.lang.String,java.lang.String,javax.servlet.http.HttpServletRequest)
2017-12-17 15:38:43,870 - Mapped "{[/websocket/test]}" onto public void com.gokeeper.controller.WebsocketController.sendone(javax.servlet.http.HttpServletRequest)
2017-12-17 15:38:43,870 - Mapped "{[/websocket/login]}" onto public org.springframework.web.servlet.ModelAndView com.gokeeper.controller.WebsocketController.login(javax.servlet.http.HttpServletRequest,java.util.Map<java.lang.String, java.lang.Object>) throws java.lang.Exception
2017-12-17 15:38:43,871 - Mapped "{[/ttp/create],methods=[POST]}" onto public com.gokeeper.vo.ResultVO com.gokeeper.controller.api.FaqiController.creat(com.gokeeper.form.TtpForm,org.springframework.validation.BindingResult,javax.servlet.http.HttpServletRequest) throws java.lang.Exception
2017-12-17 15:38:43,871 - Mapped "{[/ttp/alltype],methods=[GET]}" onto public com.gokeeper.vo.ResultVO com.gokeeper.controller.api.FaqiController.findAllType()
2017-12-17 15:38:43,873 - Mapped "{[/go],methods=[GET]}" onto public com.gokeeper.vo.ResultVO com.gokeeper.controller.api.GoController.goList(java.lang.String,javax.servlet.http.HttpServletRequest)
2017-12-17 15:38:43,874 - Mapped "{[/go/dayoff/{ttpId}],methods=[POST]}" onto public com.gokeeper.vo.ResultVO com.gokeeper.controller.api.GoController.dayoff(java.lang.String,java.lang.String,javax.servlet.http.HttpServletRequest)
2017-12-17 15:38:43,874 - Mapped "{[/go/{ttpId}],methods=[GET]}" onto public com.gokeeper.vo.ResultVO com.gokeeper.controller.api.GoController.getOne(java.lang.String,java.lang.String,javax.servlet.http.HttpServletRequest)
2017-12-17 15:38:43,874 - Mapped "{[/go/quit/{ttpId}],methods=[POST]}" onto public com.gokeeper.vo.ResultVO com.gokeeper.controller.api.GoController.quit(java.lang.String,java.lang.String,javax.servlet.http.HttpServletRequest)
2017-12-17 15:38:43,874 - Mapped "{[/go/finish/{ttpId}],methods=[POST]}" onto public com.gokeeper.vo.ResultVO com.gokeeper.controller.api.GoController.finish(java.lang.String,java.lang.String,javax.servlet.http.HttpServletRequest)
2017-12-17 15:38:43,875 - Mapped "{[/join/{ttpId}],methods=[POST]}" onto public com.gokeeper.vo.ResultVO com.gokeeper.controller.api.JoinController.atttend(javax.servlet.http.HttpServletRequest,java.lang.String)
2017-12-17 15:38:43,875 - Mapped "{[/join],methods=[GET]}" onto public com.gokeeper.vo.ResultVO com.gokeeper.controller.api.JoinController.getAllList()
2017-12-17 15:38:43,875 - Mapped "{[/join/{ttpId}],methods=[GET]}" onto public com.gokeeper.vo.ResultVO com.gokeeper.controller.api.JoinController.getOneTtp(java.lang.String)
2017-12-17 15:38:43,878 - Mapped "{[/msg],methods=[GET]}" onto public com.gokeeper.vo.ResultVO com.gokeeper.controller.api.MessageController.list(java.lang.Integer,javax.servlet.http.HttpServletRequest)
2017-12-17 15:38:43,878 - Mapped "{[/msg/{msgId}],methods=[GET]}" onto public com.gokeeper.vo.ResultVO com.gokeeper.controller.api.MessageController.getOneNew(java.lang.String)
2017-12-17 15:38:43,878 - Mapped "{[/msg/{msgId}],methods=[DELETE]}" onto public com.gokeeper.vo.ResultVO com.gokeeper.controller.api.MessageController.deleteOneMsg(java.lang.String)
2017-12-17 15:38:43,879 - Mapped "{[/msg/{msgId}],methods=[POST]}" onto public com.gokeeper.vo.ResultVO com.gokeeper.controller.api.MessageController.dingOneMsg(java.lang.String)
2017-12-17 15:38:43,879 - Mapped "{[/search],methods=[GET]}" onto public com.gokeeper.vo.ResultVO com.gokeeper.controller.api.SearchController.search(java.lang.Integer,java.lang.String,java.lang.String,java.lang.String,java.lang.String)
2017-12-17 15:38:43,881 - Mapped "{[/setting],methods=[GET]}" onto public com.gokeeper.vo.ResultVO com.gokeeper.controller.api.SettingController.getUserSetting(javax.servlet.http.HttpServletRequest)
2017-12-17 15:38:43,881 - Mapped "{[/setting],methods=[POST]}" onto public com.gokeeper.vo.ResultVO com.gokeeper.controller.api.SettingController.modifyUser(java.lang.String,java.lang.Integer,java.lang.String,java.lang.String,java.lang.String,javax.servlet.http.HttpServletRequest)
2017-12-17 15:38:43,881 - Mapped "{[/setting/qq/binding],methods=[POST]}" onto public com.gokeeper.vo.ResultVO com.gokeeper.controller.api.SettingController.qqBinDing(java.lang.String,javax.servlet.http.HttpServletRequest)
2017-12-17 15:38:43,881 - Mapped "{[/setting/qq/unbundling],methods=[POST]}" onto public com.gokeeper.vo.ResultVO com.gokeeper.controller.api.SettingController.qqUnBundling(javax.servlet.http.HttpServletRequest)
2017-12-17 15:38:43,881 - Mapped "{[/setting/wx/binding],methods=[POST]}" onto public com.gokeeper.vo.ResultVO com.gokeeper.controller.api.SettingController.wxBinDing(java.lang.String,javax.servlet.http.HttpServletRequest)
2017-12-17 15:38:43,882 - Mapped "{[/setting/wx/unbundling],methods=[POST]}" onto public com.gokeeper.vo.ResultVO com.gokeeper.controller.api.SettingController.wxUnBundling(javax.servlet.http.HttpServletRequest)
2017-12-17 15:38:43,882 - Mapped "{[/user/SUser],methods=[GET]}" onto public com.gokeeper.vo.ResultVO com.gokeeper.controller.api.UserController.getUserByPhone(java.lang.String)
2017-12-17 15:38:43,883 - Mapped "{[/wxpay/notify],methods=[POST]}" onto public org.springframework.web.servlet.ModelAndView com.gokeeper.controller.api.WxPayController.notify(java.lang.String)
2017-12-17 15:38:43,883 - Mapped "{[/wxpay/create],methods=[GET]}" onto public com.gokeeper.vo.ResultVO com.gokeeper.controller.api.WxPayController.create(java.lang.String,javax.servlet.http.HttpServletRequest)
2017-12-17 15:38:43,886 - Mapped "{[/code/{type}],methods=[GET]}" onto public void com.gokeeper.core.validate.code.ValidateCodeController.createCode(javax.servlet.http.HttpServletRequest,javax.servlet.http.HttpServletResponse,java.lang.String) throws java.lang.Exception
2017-12-17 15:38:43,887 - Mapped "{[/error]}" onto public org.springframework.http.ResponseEntity<java.util.Map<java.lang.String, java.lang.Object>> org.springframework.boot.autoconfigure.web.BasicErrorController.error(javax.servlet.http.HttpServletRequest)
2017-12-17 15:38:43,887 - Mapped "{[/error],produces=[text/html]}" onto public org.springframework.web.servlet.ModelAndView org.springframework.boot.autoconfigure.web.BasicErrorController.errorHtml(javax.servlet.http.HttpServletRequest,javax.servlet.http.HttpServletResponse)
2017-12-17 15:38:43,929 - Mapped URL path [/webjars/**] onto handler of type [class org.springframework.web.servlet.resource.ResourceHttpRequestHandler]
2017-12-17 15:38:43,930 - Mapped URL path [/**] onto handler of type [class org.springframework.web.servlet.resource.ResourceHttpRequestHandler]
2017-12-17 15:38:43,956 - Detected @ExceptionHandler methods in sellerExceptionHandler
2017-12-17 15:38:43,991 - Mapped URL path [/**/favicon.ico] onto handler of type [class org.springframework.web.servlet.resource.ResourceHttpRequestHandler]
2017-12-17 15:38:44,084 - Adding welcome page: ServletContext resource [/index.html]
2017-12-17 15:38:44,522 - ClassTemplateLoader for Spring macros added to FreeMarker configuration
2017-12-17 15:38:44,699 - Starting beans in phase 2147483647
2017-12-17 15:38:44,715 - Started inviteNewsRepositoryTest in 9.023 seconds (JVM running for 9.955)
2017-12-17 15:38:44,783 - HHH000397: Using ASTQueryTranslatorFactory
2017-12-17 15:38:45,002 - 【邀请消息查询By UserIdAndHidden】result=[
  {
    "id": "1513496257208581476",
    "userId": "1511868873980290512",
    "callUserId": "1511784128937964511",
    "newstype": 3,
    "username": "夜染黑的白发",
    "userIcon": "http://q.qlogo.cn/qqapp/1104455702/A37AA858EACB40A8F8F99FB4FD22396E/100",
    "newsname": "戒烟一类的",
    "newsstatus": 0,
    "hidden": 0,
    "previewText": "夜染黑的白发邀请您参加戒烟一类的,开始时间：2017-12-16 17:02:00.0,地点：null,参加金额：0.00",
    "ttpId": "1513414941436167917",
    "updateTime": "Dec 17, 2017 3:37:37 PM",
    "weight": 1
  }
]
2017-12-17 15:38:45,007 - Closing org.springframework.web.context.support.GenericWebApplicationContext@68878f6d: startup date [Sun Dec 17 15:38:36 CST 2017]; root of context hierarchy
2017-12-17 15:38:45,009 - Stopping beans in phase 2147483647
2017-12-17 15:38:45,014 - Shutting down ExecutorService 'defaultSockJsTaskScheduler'
2017-12-17 15:38:45,017 - Closing JPA EntityManagerFactory for persistence unit 'default'
2017-12-17 15:40:52,195 - Starting AllNewsServiceImplTest on Akk-mbp.local with PID 1578 (started by Akk_Mac in /Users/Akk_mac/E_pan/IntelliJidea Project File/SpringIO项目/gokeeper-mix/gokeeper-demo)
2017-12-17 15:40:52,196 - No active profile set, falling back to default profiles: default
2017-12-17 15:40:52,244 - Refreshing org.springframework.web.context.support.GenericWebApplicationContext@3e2055d6: startup date [Sun Dec 17 15:40:52 CST 2017]; root of context hierarchy
2017-12-17 15:40:52,665 - HV000001: Hibernate Validator 5.3.5.Final
2017-12-17 15:40:53,415 - Multiple Spring Data modules found, entering strict repository configuration mode!
2017-12-17 15:40:53,565 - Multiple Spring Data modules found, entering strict repository configuration mode!
2017-12-17 15:40:53,617 - Spring Data Redis - Could not safely identify store assignment for repository candidate interface com.gokeeper.repository.InviteNewsRepository.
2017-12-17 15:40:53,617 - Spring Data Redis - Could not safely identify store assignment for repository candidate interface com.gokeeper.repository.TTpDetailRepository.
2017-12-17 15:40:53,618 - Spring Data Redis - Could not safely identify store assignment for repository candidate interface com.gokeeper.repository.UserRecordRepository.
2017-12-17 15:40:53,618 - Spring Data Redis - Could not safely identify store assignment for repository candidate interface com.gokeeper.repository.TtpNewsRepository.
2017-12-17 15:40:53,619 - Spring Data Redis - Could not safely identify store assignment for repository candidate interface com.gokeeper.repository.UserTtpRepository.
2017-12-17 15:40:53,619 - Spring Data Redis - Could not safely identify store assignment for repository candidate interface com.gokeeper.repository.SystemNewsRspository.
2017-12-17 15:40:53,620 - Spring Data Redis - Could not safely identify store assignment for repository candidate interface com.gokeeper.repository.TtpTypeRepository.
2017-12-17 15:40:53,621 - Spring Data Redis - Could not safely identify store assignment for repository candidate interface com.gokeeper.repository.UserInfoRepository.
2017-12-17 15:40:54,039 - JSR-330 'javax.inject.Inject' annotation found and supported for autowiring
2017-12-17 15:40:57,288 - Building JPA container EntityManagerFactory for persistence unit 'default'
2017-12-17 15:40:57,307 - HHH000204: Processing PersistenceUnitInfo [
	name: default
	...]
2017-12-17 15:40:57,478 - HHH000412: Hibernate Core {5.0.12.Final}
2017-12-17 15:40:57,480 - HHH000206: hibernate.properties not found
2017-12-17 15:40:57,481 - HHH000021: Bytecode provider name : javassist
2017-12-17 15:40:57,522 - HCANN000001: Hibernate Commons Annotations {5.0.1.Final}
2017-12-17 15:40:57,647 - HHH000400: Using dialect: org.hibernate.dialect.MySQL5Dialect
2017-12-17 15:40:58,185 - Initialized JPA EntityManagerFactory for persistence unit 'default'
2017-12-17 15:40:59,118 - Initializing ExecutorService  'defaultSockJsTaskScheduler'
2017-12-17 15:40:59,172 - Mapped URL path [/webSocketServer] onto handler of type [class org.springframework.web.socket.server.support.WebSocketHttpRequestHandler]
2017-12-17 15:40:59,173 - Mapped URL path [/sockjs/webSocketServer/**] onto handler of type [class org.springframework.web.socket.sockjs.support.SockJsHttpRequestHandler]
2017-12-17 15:40:59,682 - Looking for @ControllerAdvice: org.springframework.web.context.support.GenericWebApplicationContext@3e2055d6: startup date [Sun Dec 17 15:40:52 CST 2017]; root of context hierarchy
2017-12-17 15:40:59,783 - Mapped "{[/sessionout],methods=[POST]}" onto public void com.gokeeper.controller.SessionController.signOut(javax.servlet.http.HttpServletRequest)
2017-12-17 15:40:59,789 - Mapped "{[/login/authentication/mobile],methods=[GET]}" onto public com.gokeeper.vo.ResultVO com.gokeeper.controller.UserLogin.sms(java.lang.String,java.lang.String,javax.servlet.http.HttpServletRequest)
2017-12-17 15:40:59,789 - Mapped "{[/login/authentication/oldmobile],methods=[GET]}" onto public com.gokeeper.vo.ResultVO com.gokeeper.controller.UserLogin.oldsms(java.lang.String,javax.servlet.http.HttpServletRequest)
2017-12-17 15:40:59,789 - Mapped "{[/login/authentication/oicq],methods=[GET]}" onto public com.gokeeper.vo.ResultVO com.gokeeper.controller.UserLogin.oicqlogin(java.lang.String,java.lang.String,java.lang.String,java.lang.Integer,java.lang.String,javax.servlet.http.HttpServletRequest)
2017-12-17 15:40:59,789 - Mapped "{[/login/authentication/weixin],methods=[GET]}" onto public com.gokeeper.vo.ResultVO com.gokeeper.controller.UserLogin.weixinlogin(java.lang.String,java.lang.String,java.lang.String,java.lang.Integer,java.lang.String,javax.servlet.http.HttpServletRequest)
2017-12-17 15:40:59,793 - Mapped "{[/websocket/login]}" onto public org.springframework.web.servlet.ModelAndView com.gokeeper.controller.WebsocketController.login(javax.servlet.http.HttpServletRequest,java.util.Map<java.lang.String, java.lang.Object>) throws java.lang.Exception
2017-12-17 15:40:59,793 - Mapped "{[/websocket/systemnews],methods=[POST]}" onto public void com.gokeeper.controller.WebsocketController.sandSystemNews(java.lang.String,java.lang.String,javax.servlet.http.HttpServletRequest)
2017-12-17 15:40:59,793 - Mapped "{[/websocket/test]}" onto public void com.gokeeper.controller.WebsocketController.sendone(javax.servlet.http.HttpServletRequest)
2017-12-17 15:40:59,794 - Mapped "{[/websocket/go/invite],methods=[POST]}" onto public void com.gokeeper.controller.WebsocketController.sendInviteNews(java.lang.String,java.lang.String,javax.servlet.http.HttpServletRequest)
2017-12-17 15:40:59,795 - Mapped "{[/ttp/create],methods=[POST]}" onto public com.gokeeper.vo.ResultVO com.gokeeper.controller.api.FaqiController.creat(com.gokeeper.form.TtpForm,org.springframework.validation.BindingResult,javax.servlet.http.HttpServletRequest) throws java.lang.Exception
2017-12-17 15:40:59,795 - Mapped "{[/ttp/alltype],methods=[GET]}" onto public com.gokeeper.vo.ResultVO com.gokeeper.controller.api.FaqiController.findAllType()
2017-12-17 15:40:59,797 - Mapped "{[/go/{ttpId}],methods=[GET]}" onto public com.gokeeper.vo.ResultVO com.gokeeper.controller.api.GoController.getOne(java.lang.String,java.lang.String,javax.servlet.http.HttpServletRequest)
2017-12-17 15:40:59,798 - Mapped "{[/go/finish/{ttpId}],methods=[POST]}" onto public com.gokeeper.vo.ResultVO com.gokeeper.controller.api.GoController.finish(java.lang.String,java.lang.String,javax.servlet.http.HttpServletRequest)
2017-12-17 15:40:59,798 - Mapped "{[/go/quit/{ttpId}],methods=[POST]}" onto public com.gokeeper.vo.ResultVO com.gokeeper.controller.api.GoController.quit(java.lang.String,java.lang.String,javax.servlet.http.HttpServletRequest)
2017-12-17 15:40:59,798 - Mapped "{[/go],methods=[GET]}" onto public com.gokeeper.vo.ResultVO com.gokeeper.controller.api.GoController.goList(java.lang.String,javax.servlet.http.HttpServletRequest)
2017-12-17 15:40:59,798 - Mapped "{[/go/dayoff/{ttpId}],methods=[POST]}" onto public com.gokeeper.vo.ResultVO com.gokeeper.controller.api.GoController.dayoff(java.lang.String,java.lang.String,javax.servlet.http.HttpServletRequest)
2017-12-17 15:40:59,799 - Mapped "{[/join/{ttpId}],methods=[POST]}" onto public com.gokeeper.vo.ResultVO com.gokeeper.controller.api.JoinController.atttend(javax.servlet.http.HttpServletRequest,java.lang.String)
2017-12-17 15:40:59,799 - Mapped "{[/join],methods=[GET]}" onto public com.gokeeper.vo.ResultVO com.gokeeper.controller.api.JoinController.getAllList()
2017-12-17 15:40:59,800 - Mapped "{[/join/{ttpId}],methods=[GET]}" onto public com.gokeeper.vo.ResultVO com.gokeeper.controller.api.JoinController.getOneTtp(java.lang.String)
2017-12-17 15:40:59,802 - Mapped "{[/msg],methods=[GET]}" onto public com.gokeeper.vo.ResultVO com.gokeeper.controller.api.MessageController.list(java.lang.Integer,javax.servlet.http.HttpServletRequest)
2017-12-17 15:40:59,803 - Mapped "{[/msg/{msgId}],methods=[DELETE]}" onto public com.gokeeper.vo.ResultVO com.gokeeper.controller.api.MessageController.deleteOneMsg(java.lang.String)
2017-12-17 15:40:59,803 - Mapped "{[/msg/{msgId}],methods=[POST]}" onto public com.gokeeper.vo.ResultVO com.gokeeper.controller.api.MessageController.dingOneMsg(java.lang.String)
2017-12-17 15:40:59,803 - Mapped "{[/msg/{msgId}],methods=[GET]}" onto public com.gokeeper.vo.ResultVO com.gokeeper.controller.api.MessageController.getOneNew(java.lang.String)
2017-12-17 15:40:59,804 - Mapped "{[/search],methods=[GET]}" onto public com.gokeeper.vo.ResultVO com.gokeeper.controller.api.SearchController.search(java.lang.Integer,java.lang.String,java.lang.String,java.lang.String,java.lang.String)
2017-12-17 15:40:59,806 - Mapped "{[/setting],methods=[GET]}" onto public com.gokeeper.vo.ResultVO com.gokeeper.controller.api.SettingController.getUserSetting(javax.servlet.http.HttpServletRequest)
2017-12-17 15:40:59,806 - Mapped "{[/setting],methods=[POST]}" onto public com.gokeeper.vo.ResultVO com.gokeeper.controller.api.SettingController.modifyUser(java.lang.String,java.lang.Integer,java.lang.String,java.lang.String,java.lang.String,javax.servlet.http.HttpServletRequest)
2017-12-17 15:40:59,806 - Mapped "{[/setting/qq/binding],methods=[POST]}" onto public com.gokeeper.vo.ResultVO com.gokeeper.controller.api.SettingController.qqBinDing(java.lang.String,javax.servlet.http.HttpServletRequest)
2017-12-17 15:40:59,807 - Mapped "{[/setting/qq/unbundling],methods=[POST]}" onto public com.gokeeper.vo.ResultVO com.gokeeper.controller.api.SettingController.qqUnBundling(javax.servlet.http.HttpServletRequest)
2017-12-17 15:40:59,807 - Mapped "{[/setting/wx/binding],methods=[POST]}" onto public com.gokeeper.vo.ResultVO com.gokeeper.controller.api.SettingController.wxBinDing(java.lang.String,javax.servlet.http.HttpServletRequest)
2017-12-17 15:40:59,807 - Mapped "{[/setting/wx/unbundling],methods=[POST]}" onto public com.gokeeper.vo.ResultVO com.gokeeper.controller.api.SettingController.wxUnBundling(javax.servlet.http.HttpServletRequest)
2017-12-17 15:40:59,808 - Mapped "{[/user/SUser],methods=[GET]}" onto public com.gokeeper.vo.ResultVO com.gokeeper.controller.api.UserController.getUserByPhone(java.lang.String)
2017-12-17 15:40:59,809 - Mapped "{[/wxpay/notify],methods=[POST]}" onto public org.springframework.web.servlet.ModelAndView com.gokeeper.controller.api.WxPayController.notify(java.lang.String)
2017-12-17 15:40:59,809 - Mapped "{[/wxpay/create],methods=[GET]}" onto public com.gokeeper.vo.ResultVO com.gokeeper.controller.api.WxPayController.create(java.lang.String,javax.servlet.http.HttpServletRequest)
2017-12-17 15:40:59,812 - Mapped "{[/code/{type}],methods=[GET]}" onto public void com.gokeeper.core.validate.code.ValidateCodeController.createCode(javax.servlet.http.HttpServletRequest,javax.servlet.http.HttpServletResponse,java.lang.String) throws java.lang.Exception
2017-12-17 15:40:59,815 - Mapped "{[/error]}" onto public org.springframework.http.ResponseEntity<java.util.Map<java.lang.String, java.lang.Object>> org.springframework.boot.autoconfigure.web.BasicErrorController.error(javax.servlet.http.HttpServletRequest)
2017-12-17 15:40:59,815 - Mapped "{[/error],produces=[text/html]}" onto public org.springframework.web.servlet.ModelAndView org.springframework.boot.autoconfigure.web.BasicErrorController.errorHtml(javax.servlet.http.HttpServletRequest,javax.servlet.http.HttpServletResponse)
2017-12-17 15:40:59,856 - Mapped URL path [/webjars/**] onto handler of type [class org.springframework.web.servlet.resource.ResourceHttpRequestHandler]
2017-12-17 15:40:59,856 - Mapped URL path [/**] onto handler of type [class org.springframework.web.servlet.resource.ResourceHttpRequestHandler]
2017-12-17 15:40:59,878 - Detected @ExceptionHandler methods in sellerExceptionHandler
2017-12-17 15:40:59,922 - Mapped URL path [/**/favicon.ico] onto handler of type [class org.springframework.web.servlet.resource.ResourceHttpRequestHandler]
2017-12-17 15:41:00,002 - Adding welcome page: ServletContext resource [/index.html]
2017-12-17 15:41:00,441 - ClassTemplateLoader for Spring macros added to FreeMarker configuration
2017-12-17 15:41:00,629 - Starting beans in phase 2147483647
2017-12-17 15:41:00,645 - Started AllNewsServiceImplTest in 9.187 seconds (JVM running for 10.006)
2017-12-17 15:41:00,701 - HHH000397: Using ASTQueryTranslatorFactory
2017-12-17 15:41:00,983 - 邀请消息：
2017-12-17 15:41:01,000 - 【所有公开的消息】result=[
  {
    "id": "1513496257208581476",
    "ttpId": "1513414941436167917",
    "newstype": 3,
    "username": "夜染黑的白发",
    "userIcon": "http://q.qlogo.cn/qqapp/1104455702/A37AA858EACB40A8F8F99FB4FD22396E/100",
    "newsname": "戒烟一类的",
    "newsstatus": 0,
    "updateTime": "2017/12/17 15:37",
    "weight": 1
  }
]
2017-12-17 15:41:01,004 - Closing org.springframework.web.context.support.GenericWebApplicationContext@3e2055d6: startup date [Sun Dec 17 15:40:52 CST 2017]; root of context hierarchy
2017-12-17 15:41:01,006 - Stopping beans in phase 2147483647
2017-12-17 15:41:01,010 - Shutting down ExecutorService 'defaultSockJsTaskScheduler'
2017-12-17 15:41:01,012 - Closing JPA EntityManagerFactory for persistence unit 'default'
