2017-11-24 15:08:35,327 - HV000001: Hibernate Validator 5.3.5.Final
2017-11-24 15:08:40,037 - Starting SystemNewsRspositoryTest on Akk-mbp.local with PID 21441 (started by Akk_Mac in /Users/Akk_mac/E_pan/IntelliJidea Project File/SpringIO项目/gokeeper-mix/gokeeper-demo)
2017-11-24 15:08:40,038 - No active profile set, falling back to default profiles: default
2017-11-24 15:08:40,068 - Refreshing org.springframework.web.context.support.GenericWebApplicationContext@41488b16: startup date [Fri Nov 24 15:08:40 CST 2017]; root of context hierarchy
2017-11-24 15:08:40,783 - Multiple Spring Data modules found, entering strict repository configuration mode!
2017-11-24 15:08:40,902 - Multiple Spring Data modules found, entering strict repository configuration mode!
2017-11-24 15:08:40,942 - Spring Data Redis - Could not safely identify store assignment for repository candidate interface com.gokeeper.repository.InviteNewsRepository.
2017-11-24 15:08:40,943 - Spring Data Redis - Could not safely identify store assignment for repository candidate interface com.gokeeper.repository.TTpDetailRepository.
2017-11-24 15:08:40,944 - Spring Data Redis - Could not safely identify store assignment for repository candidate interface com.gokeeper.repository.UserRecordRepository.
2017-11-24 15:08:40,944 - Spring Data Redis - Could not safely identify store assignment for repository candidate interface com.gokeeper.repository.TtpNewsRepository.
2017-11-24 15:08:40,945 - Spring Data Redis - Could not safely identify store assignment for repository candidate interface com.gokeeper.repository.UserTtpRepository.
2017-11-24 15:08:40,945 - Spring Data Redis - Could not safely identify store assignment for repository candidate interface com.gokeeper.repository.SystemNewsRspository.
2017-11-24 15:08:40,946 - Spring Data Redis - Could not safely identify store assignment for repository candidate interface com.gokeeper.repository.TtpTypeRepository.
2017-11-24 15:08:40,947 - Spring Data Redis - Could not safely identify store assignment for repository candidate interface com.gokeeper.repository.UserInfoRepository.
2017-11-24 15:08:41,409 - JSR-330 'javax.inject.Inject' annotation found and supported for autowiring
2017-11-24 15:08:42,679 - Building JPA container EntityManagerFactory for persistence unit 'default'
2017-11-24 15:08:42,696 - HHH000204: Processing PersistenceUnitInfo [
	name: default
	...]
2017-11-24 15:08:42,817 - HHH000412: Hibernate Core {5.0.12.Final}
2017-11-24 15:08:42,818 - HHH000206: hibernate.properties not found
2017-11-24 15:08:42,820 - HHH000021: Bytecode provider name : javassist
2017-11-24 15:08:42,854 - HCANN000001: Hibernate Commons Annotations {5.0.1.Final}
2017-11-24 15:08:42,966 - HHH000400: Using dialect: org.hibernate.dialect.MySQL5Dialect
2017-11-24 15:08:43,516 - Initialized JPA EntityManagerFactory for persistence unit 'default'
2017-11-24 15:08:44,476 - Initializing ExecutorService  'defaultSockJsTaskScheduler'
2017-11-24 15:08:44,541 - Mapped URL path [/webSocketServer] onto handler of type [class org.springframework.web.socket.server.support.WebSocketHttpRequestHandler]
2017-11-24 15:08:44,542 - Mapped URL path [/sockjs/webSocketServer/**] onto handler of type [class org.springframework.web.socket.sockjs.support.SockJsHttpRequestHandler]
2017-11-24 15:08:45,084 - Looking for @ControllerAdvice: org.springframework.web.context.support.GenericWebApplicationContext@41488b16: startup date [Fri Nov 24 15:08:40 CST 2017]; root of context hierarchy
2017-11-24 15:08:45,180 - Mapped "{[/sessionout],methods=[POST]}" onto public com.gokeeper.vo.ResultVO com.gokeeper.controller.SessionController.signOut(javax.servlet.http.HttpServletRequest)
2017-11-24 15:08:45,183 - Mapped "{[/login/authentication/mobile],methods=[GET]}" onto public com.gokeeper.vo.ResultVO com.gokeeper.controller.UserLogin.sms(java.lang.String,java.lang.String,javax.servlet.http.HttpServletRequest)
2017-11-24 15:08:45,183 - Mapped "{[/login/authentication/oicq],methods=[GET]}" onto public com.gokeeper.vo.ResultVO com.gokeeper.controller.UserLogin.oicqlogin(java.lang.String,java.lang.String,java.lang.String,java.lang.Integer,java.lang.String,javax.servlet.http.HttpServletRequest)
2017-11-24 15:08:45,183 - Mapped "{[/login/authentication/weixin],methods=[GET]}" onto public com.gokeeper.vo.ResultVO com.gokeeper.controller.UserLogin.weixinlogin(java.lang.String,java.lang.String,java.lang.String,java.lang.Integer,java.lang.String,javax.servlet.http.HttpServletRequest)
2017-11-24 15:08:45,186 - Mapped "{[/websocket/login]}" onto public org.springframework.web.servlet.ModelAndView com.gokeeper.controller.WebsocketController.login(javax.servlet.http.HttpServletRequest,java.util.Map<java.lang.String, java.lang.Object>) throws java.lang.Exception
2017-11-24 15:08:45,186 - Mapped "{[/websocket/systemnews],methods=[POST]}" onto public void com.gokeeper.controller.WebsocketController.sandSystemNews(java.lang.String,java.lang.String,javax.servlet.http.HttpServletRequest)
2017-11-24 15:08:45,186 - Mapped "{[/websocket/go/invite],methods=[POST]}" onto public void com.gokeeper.controller.WebsocketController.sendInviteNews(java.lang.String,java.lang.String,javax.servlet.http.HttpServletRequest)
2017-11-24 15:08:45,186 - Mapped "{[/websocket/test]}" onto public void com.gokeeper.controller.WebsocketController.sendone(javax.servlet.http.HttpServletRequest)
2017-11-24 15:08:45,187 - Mapped "{[/ttp/create],methods=[POST]}" onto public com.gokeeper.vo.ResultVO com.gokeeper.controller.api.FaqiController.creat(com.gokeeper.form.TtpForm,org.springframework.validation.BindingResult,javax.servlet.http.HttpServletRequest) throws java.lang.Exception
2017-11-24 15:08:45,187 - Mapped "{[/ttp/alltype],methods=[GET]}" onto public com.gokeeper.vo.ResultVO com.gokeeper.controller.api.FaqiController.findAllType()
2017-11-24 15:08:45,189 - Mapped "{[/go/{ttpId}],methods=[POST]}" onto public com.gokeeper.vo.ResultVO com.gokeeper.controller.api.GoController.quit(java.lang.String,java.lang.String,javax.servlet.http.HttpServletRequest)
2017-11-24 15:08:45,189 - Mapped "{[/go/{ttpId}],methods=[GET]}" onto public com.gokeeper.vo.ResultVO com.gokeeper.controller.api.GoController.getOne(java.lang.String,java.lang.String,javax.servlet.http.HttpServletRequest)
2017-11-24 15:08:45,190 - Mapped "{[/go],methods=[GET]}" onto public com.gokeeper.vo.ResultVO com.gokeeper.controller.api.GoController.goList(java.lang.String,javax.servlet.http.HttpServletRequest)
2017-11-24 15:08:45,192 - Mapped "{[/join/{ttpId}],methods=[POST]}" onto public com.gokeeper.vo.ResultVO com.gokeeper.controller.api.JoinController.atttend(javax.servlet.http.HttpServletRequest,java.lang.String)
2017-11-24 15:08:45,192 - Mapped "{[/join],methods=[GET]}" onto public com.gokeeper.vo.ResultVO com.gokeeper.controller.api.JoinController.getAllList()
2017-11-24 15:08:45,192 - Mapped "{[/join/{ttpId}],methods=[GET]}" onto public com.gokeeper.vo.ResultVO com.gokeeper.controller.api.JoinController.getOneTtp(java.lang.String)
2017-11-24 15:08:45,195 - Mapped "{[/msg],methods=[GET]}" onto public com.gokeeper.vo.ResultVO com.gokeeper.controller.api.MessageController.list(java.lang.Integer,javax.servlet.http.HttpServletRequest)
2017-11-24 15:08:45,195 - Mapped "{[/msg/{msgId}],methods=[GET]}" onto public com.gokeeper.vo.ResultVO com.gokeeper.controller.api.MessageController.getOneNew(java.lang.String)
2017-11-24 15:08:45,195 - Mapped "{[/msg/{msgId}],methods=[DELETE]}" onto public com.gokeeper.vo.ResultVO com.gokeeper.controller.api.MessageController.deleteOneMsg(java.lang.String)
2017-11-24 15:08:45,195 - Mapped "{[/msg/{msgId}],methods=[POST]}" onto public com.gokeeper.vo.ResultVO com.gokeeper.controller.api.MessageController.dingOneMsg(java.lang.String)
2017-11-24 15:08:45,196 - Mapped "{[/search],methods=[GET]}" onto public com.gokeeper.vo.ResultVO com.gokeeper.controller.api.SearchController.search(java.lang.Integer,java.lang.String,java.lang.String,java.lang.String,java.lang.String)
2017-11-24 15:08:45,199 - Mapped "{[/setting],methods=[GET]}" onto public com.gokeeper.vo.ResultVO com.gokeeper.controller.api.SettingController.getUserSetting(javax.servlet.http.HttpServletRequest)
2017-11-24 15:08:45,200 - Mapped "{[/setting],methods=[POST]}" onto public com.gokeeper.vo.ResultVO com.gokeeper.controller.api.SettingController.modifyUser(java.lang.String,java.lang.Integer,java.lang.String,java.lang.String,java.lang.String,javax.servlet.http.HttpServletRequest)
2017-11-24 15:08:45,200 - Mapped "{[/setting/qq/binding],methods=[POST]}" onto public com.gokeeper.vo.ResultVO com.gokeeper.controller.api.SettingController.qqBinDing(java.lang.String,javax.servlet.http.HttpServletRequest)
2017-11-24 15:08:45,201 - Mapped "{[/setting/qq/unbundling],methods=[POST]}" onto public com.gokeeper.vo.ResultVO com.gokeeper.controller.api.SettingController.qqUnBundling(javax.servlet.http.HttpServletRequest)
2017-11-24 15:08:45,201 - Mapped "{[/setting/wx/binding],methods=[POST]}" onto public com.gokeeper.vo.ResultVO com.gokeeper.controller.api.SettingController.wxBinDing(java.lang.String,javax.servlet.http.HttpServletRequest)
2017-11-24 15:08:45,201 - Mapped "{[/setting/wx/unbundling],methods=[POST]}" onto public com.gokeeper.vo.ResultVO com.gokeeper.controller.api.SettingController.wxUnBundling(javax.servlet.http.HttpServletRequest)
2017-11-24 15:08:45,202 - Mapped "{[/user/getUserByPhone],methods=[GET]}" onto public com.gokeeper.vo.ResultVO com.gokeeper.controller.api.UserController.getUserByPhone(java.lang.String)
2017-11-24 15:08:45,203 - Mapped "{[/wxpay/notify],methods=[POST]}" onto public org.springframework.web.servlet.ModelAndView com.gokeeper.controller.api.WxPayController.notify(java.lang.String)
2017-11-24 15:08:45,203 - Mapped "{[/wxpay/create],methods=[GET]}" onto public com.gokeeper.vo.ResultVO com.gokeeper.controller.api.WxPayController.create(java.lang.String,javax.servlet.http.HttpServletRequest)
2017-11-24 15:08:45,203 - Mapped "{[/code/{type}],methods=[GET]}" onto public void com.gokeeper.core.validate.code.ValidateCodeController.createCode(javax.servlet.http.HttpServletRequest,javax.servlet.http.HttpServletResponse,java.lang.String) throws java.lang.Exception
2017-11-24 15:08:45,204 - Mapped "{[/error]}" onto public org.springframework.http.ResponseEntity<java.util.Map<java.lang.String, java.lang.Object>> org.springframework.boot.autoconfigure.web.BasicErrorController.error(javax.servlet.http.HttpServletRequest)
2017-11-24 15:08:45,205 - Mapped "{[/error],produces=[text/html]}" onto public org.springframework.web.servlet.ModelAndView org.springframework.boot.autoconfigure.web.BasicErrorController.errorHtml(javax.servlet.http.HttpServletRequest,javax.servlet.http.HttpServletResponse)
2017-11-24 15:08:45,250 - Mapped URL path [/webjars/**] onto handler of type [class org.springframework.web.servlet.resource.ResourceHttpRequestHandler]
2017-11-24 15:08:45,250 - Mapped URL path [/**] onto handler of type [class org.springframework.web.servlet.resource.ResourceHttpRequestHandler]
2017-11-24 15:08:45,277 - Detected @ExceptionHandler methods in sellerExceptionHandler
2017-11-24 15:08:45,310 - Mapped URL path [/**/favicon.ico] onto handler of type [class org.springframework.web.servlet.resource.ResourceHttpRequestHandler]
2017-11-24 15:08:45,381 - Adding welcome page: ServletContext resource [/index.html]
2017-11-24 15:08:50,783 - ClassTemplateLoader for Spring macros added to FreeMarker configuration
2017-11-24 15:08:50,999 - Starting beans in phase 2147483647
2017-11-24 15:08:51,018 - Started SystemNewsRspositoryTest in 26.491 seconds (JVM running for 27.296)
2017-11-24 15:08:51,081 - HHH000397: Using ASTQueryTranslatorFactory
2017-11-24 15:08:51,246 - 【公开的系统消息ByuserId】result=[
  {
    "id": "abc123",
    "userId": "111001",
    "newstype": 1,
    "username": "akk",
    "userIcon": "https://ss0.bdstatic.com/94oJfD_bAAcT8t7mm9GUKT-xh_/timg?image\u0026quality\u003d100\u0026size\u003db4000_4000\u0026sec\u003d1511098475\u0026di\u003db51cec0d5d595ccaf88ef1efa2385941\u0026src\u003dhttp://pic2.ooopic.com/11/49/48/51bOOOPIC60.jpg",
    "newsname": "测试的系统消息",
    "newsstatus": 0,
    "hidden": 0,
    "previewText": "这是系统消息的预览信息",
    "text": "系统消息正文",
    "updateTime": "Nov 24, 2017 3:08:33 PM",
    "weight": 10
  }
]
2017-11-24 15:08:51,252 - Closing org.springframework.web.context.support.GenericWebApplicationContext@41488b16: startup date [Fri Nov 24 15:08:40 CST 2017]; root of context hierarchy
2017-11-24 15:08:51,254 - Stopping beans in phase 2147483647
2017-11-24 15:08:51,258 - Shutting down ExecutorService 'defaultSockJsTaskScheduler'
2017-11-24 15:08:51,260 - Closing JPA EntityManagerFactory for persistence unit 'default'
