2017-12-12 08:54:39,263 - SQL Error: 0, SQLState: 08S01
2017-12-12 10:16:04,183 - SQL Error: 0, SQLState: 08S01
2017-12-12 10:16:26,963 - SQL Error: 0, SQLState: 08S01
2017-12-12 10:16:48,133 - SQL Error: 0, SQLState: 08S01
2017-12-12 10:17:08,095 - SQL Error: 0, SQLState: 08S01
2017-12-12 10:17:28,061 - SQL Error: 0, SQLState: 08S01
2017-12-12 10:17:48,066 - SQL Error: 0, SQLState: 08S01
2017-12-12 10:18:08,053 - SQL Error: 0, SQLState: 08S01
2017-12-12 10:18:28,096 - SQL Error: 0, SQLState: 08S01
2017-12-12 10:18:48,033 - SQL Error: 0, SQLState: 08S01
2017-12-12 10:18:50,007 - SQL Error: 0, SQLState: 08S01
2017-12-12 10:19:00,011 - SQL Error: 0, SQLState: 08S01
2017-12-12 10:19:10,004 - SQL Error: 0, SQLState: 08S01
2017-12-12 10:19:20,008 - SQL Error: 0, SQLState: 08S01
2017-12-12 10:19:30,008 - SQL Error: 0, SQLState: 08S01
2017-12-12 10:19:40,005 - SQL Error: 0, SQLState: 08S01
2017-12-12 10:19:50,008 - SQL Error: 0, SQLState: 08S01
2017-12-12 10:20:00,003 - SQL Error: 0, SQLState: 08S01
2017-12-12 15:01:07,508 - HV000001: Hibernate Validator 5.3.5.Final
2017-12-12 15:01:12,368 - Starting GoKeeperApplication on Akk-mbp.local with PID 729 (started by Akk_Mac in /Users/Akk_mac/E_pan/IntelliJidea Project File/SpringIO项目/gokeeper-mix)
2017-12-12 15:01:12,370 - No active profile set, falling back to default profiles: default
2017-12-12 15:01:12,408 - Refreshing org.springframework.boot.context.embedded.AnnotationConfigEmbeddedWebApplicationContext@6200f9cb: startup date [Tue Dec 12 15:01:12 CST 2017]; root of context hierarchy
2017-12-12 15:01:13,109 - Multiple Spring Data modules found, entering strict repository configuration mode!
2017-12-12 15:01:13,212 - Multiple Spring Data modules found, entering strict repository configuration mode!
2017-12-12 15:01:13,249 - Spring Data Redis - Could not safely identify store assignment for repository candidate interface com.gokeeper.repository.InviteNewsRepository.
2017-12-12 15:01:13,249 - Spring Data Redis - Could not safely identify store assignment for repository candidate interface com.gokeeper.repository.TTpDetailRepository.
2017-12-12 15:01:13,250 - Spring Data Redis - Could not safely identify store assignment for repository candidate interface com.gokeeper.repository.UserRecordRepository.
2017-12-12 15:01:13,250 - Spring Data Redis - Could not safely identify store assignment for repository candidate interface com.gokeeper.repository.TtpNewsRepository.
2017-12-12 15:01:13,251 - Spring Data Redis - Could not safely identify store assignment for repository candidate interface com.gokeeper.repository.UserTtpRepository.
2017-12-12 15:01:13,251 - Spring Data Redis - Could not safely identify store assignment for repository candidate interface com.gokeeper.repository.SystemNewsRspository.
2017-12-12 15:01:13,251 - Spring Data Redis - Could not safely identify store assignment for repository candidate interface com.gokeeper.repository.TtpTypeRepository.
2017-12-12 15:01:13,252 - Spring Data Redis - Could not safely identify store assignment for repository candidate interface com.gokeeper.repository.UserInfoRepository.
2017-12-12 15:01:13,477 - JSR-330 'javax.inject.Inject' annotation found and supported for autowiring
2017-12-12 15:01:14,097 - Tomcat initialized with port(s): 8080 (http)
2017-12-12 15:01:14,107 - Starting service [Tomcat]
2017-12-12 15:01:14,108 - Starting Servlet Engine: Apache Tomcat/8.5.16
2017-12-12 15:01:14,196 - Initializing Spring embedded WebApplicationContext
2017-12-12 15:01:14,196 - Root WebApplicationContext: initialization completed in 1788 ms
2017-12-12 15:01:14,335 - Mapping servlet: 'dispatcherServlet' to [/]
2017-12-12 15:01:14,340 - Mapping filter: 'characterEncodingFilter' to: [/*]
2017-12-12 15:01:14,340 - Mapping filter: 'hiddenHttpMethodFilter' to: [/*]
2017-12-12 15:01:14,340 - Mapping filter: 'httpPutFormContentFilter' to: [/*]
2017-12-12 15:01:14,340 - Mapping filter: 'requestContextFilter' to: [/*]
2017-12-12 15:01:17,201 - Building JPA container EntityManagerFactory for persistence unit 'default'
2017-12-12 15:01:17,213 - HHH000204: Processing PersistenceUnitInfo [
	name: default
	...]
2017-12-12 15:01:17,288 - HHH000412: Hibernate Core {5.0.12.Final}
2017-12-12 15:01:17,290 - HHH000206: hibernate.properties not found
2017-12-12 15:01:17,291 - HHH000021: Bytecode provider name : javassist
2017-12-12 15:01:17,331 - HCANN000001: Hibernate Commons Annotations {5.0.1.Final}
2017-12-12 15:01:17,499 - HHH000400: Using dialect: org.hibernate.dialect.MySQL5Dialect
2017-12-12 15:01:17,906 - Initialized JPA EntityManagerFactory for persistence unit 'default'
2017-12-12 15:01:18,544 - Initializing ExecutorService  'defaultSockJsTaskScheduler'
2017-12-12 15:01:18,595 - Mapped URL path [/webSocketServer] onto handler of type [class org.springframework.web.socket.server.support.WebSocketHttpRequestHandler]
2017-12-12 15:01:18,595 - Mapped URL path [/sockjs/webSocketServer/**] onto handler of type [class org.springframework.web.socket.sockjs.support.SockJsHttpRequestHandler]
2017-12-12 15:01:18,889 - Looking for @ControllerAdvice: org.springframework.boot.context.embedded.AnnotationConfigEmbeddedWebApplicationContext@6200f9cb: startup date [Tue Dec 12 15:01:12 CST 2017]; root of context hierarchy
2017-12-12 15:01:18,950 - Mapped "{[/sessionout],methods=[POST]}" onto public void com.gokeeper.controller.SessionController.signOut(javax.servlet.http.HttpServletRequest)
2017-12-12 15:01:18,952 - Mapped "{[/login/authentication/mobile],methods=[GET]}" onto public com.gokeeper.vo.ResultVO com.gokeeper.controller.UserLogin.sms(java.lang.String,java.lang.String,javax.servlet.http.HttpServletRequest)
2017-12-12 15:01:18,952 - Mapped "{[/login/authentication/oldmobile],methods=[GET]}" onto public com.gokeeper.vo.ResultVO com.gokeeper.controller.UserLogin.oldsms(java.lang.String,javax.servlet.http.HttpServletRequest)
2017-12-12 15:01:18,952 - Mapped "{[/login/authentication/oicq],methods=[GET]}" onto public com.gokeeper.vo.ResultVO com.gokeeper.controller.UserLogin.oicqlogin(java.lang.String,java.lang.String,java.lang.String,java.lang.Integer,java.lang.String,javax.servlet.http.HttpServletRequest)
2017-12-12 15:01:18,953 - Mapped "{[/login/authentication/weixin],methods=[GET]}" onto public com.gokeeper.vo.ResultVO com.gokeeper.controller.UserLogin.weixinlogin(java.lang.String,java.lang.String,java.lang.String,java.lang.Integer,java.lang.String,javax.servlet.http.HttpServletRequest)
2017-12-12 15:01:18,954 - Mapped "{[/websocket/systemnews],methods=[POST]}" onto public void com.gokeeper.controller.WebsocketController.sandSystemNews(java.lang.String,java.lang.String,javax.servlet.http.HttpServletRequest)
2017-12-12 15:01:18,954 - Mapped "{[/websocket/go/invite],methods=[POST]}" onto public void com.gokeeper.controller.WebsocketController.sendInviteNews(java.lang.String,java.lang.String,javax.servlet.http.HttpServletRequest)
2017-12-12 15:01:18,955 - Mapped "{[/websocket/login]}" onto public org.springframework.web.servlet.ModelAndView com.gokeeper.controller.WebsocketController.login(javax.servlet.http.HttpServletRequest,java.util.Map<java.lang.String, java.lang.Object>) throws java.lang.Exception
2017-12-12 15:01:18,955 - Mapped "{[/websocket/test]}" onto public void com.gokeeper.controller.WebsocketController.sendone(javax.servlet.http.HttpServletRequest)
2017-12-12 15:01:18,955 - Mapped "{[/ttp/create],methods=[POST]}" onto public com.gokeeper.vo.ResultVO com.gokeeper.controller.api.FaqiController.creat(com.gokeeper.form.TtpForm,org.springframework.validation.BindingResult,javax.servlet.http.HttpServletRequest) throws java.lang.Exception
2017-12-12 15:01:18,956 - Mapped "{[/ttp/alltype],methods=[GET]}" onto public com.gokeeper.vo.ResultVO com.gokeeper.controller.api.FaqiController.findAllType()
2017-12-12 15:01:18,957 - Mapped "{[/go/{ttpId}],methods=[GET]}" onto public com.gokeeper.vo.ResultVO com.gokeeper.controller.api.GoController.getOne(java.lang.String,java.lang.String,javax.servlet.http.HttpServletRequest)
2017-12-12 15:01:18,957 - Mapped "{[/go/quit/{ttpId}],methods=[POST]}" onto public com.gokeeper.vo.ResultVO com.gokeeper.controller.api.GoController.quit(java.lang.String,java.lang.String,javax.servlet.http.HttpServletRequest)
2017-12-12 15:01:18,957 - Mapped "{[/go],methods=[GET]}" onto public com.gokeeper.vo.ResultVO com.gokeeper.controller.api.GoController.goList(java.lang.String,javax.servlet.http.HttpServletRequest)
2017-12-12 15:01:18,957 - Mapped "{[/go/dayoff/{ttpId}],methods=[POST]}" onto public com.gokeeper.vo.ResultVO com.gokeeper.controller.api.GoController.dayoff(java.lang.String,java.lang.String,javax.servlet.http.HttpServletRequest)
2017-12-12 15:01:18,958 - Mapped "{[/go/finish/{ttpId}],methods=[POST]}" onto public com.gokeeper.vo.ResultVO com.gokeeper.controller.api.GoController.finish(java.lang.String,java.lang.String,javax.servlet.http.HttpServletRequest)
2017-12-12 15:01:18,959 - Mapped "{[/join/{ttpId}],methods=[POST]}" onto public com.gokeeper.vo.ResultVO com.gokeeper.controller.api.JoinController.atttend(javax.servlet.http.HttpServletRequest,java.lang.String)
2017-12-12 15:01:18,959 - Mapped "{[/join],methods=[GET]}" onto public com.gokeeper.vo.ResultVO com.gokeeper.controller.api.JoinController.getAllList()
2017-12-12 15:01:18,959 - Mapped "{[/join/{ttpId}],methods=[GET]}" onto public com.gokeeper.vo.ResultVO com.gokeeper.controller.api.JoinController.getOneTtp(java.lang.String)
2017-12-12 15:01:18,961 - Mapped "{[/msg],methods=[GET]}" onto public com.gokeeper.vo.ResultVO com.gokeeper.controller.api.MessageController.list(java.lang.Integer,javax.servlet.http.HttpServletRequest)
2017-12-12 15:01:18,961 - Mapped "{[/msg/{msgId}],methods=[GET]}" onto public com.gokeeper.vo.ResultVO com.gokeeper.controller.api.MessageController.getOneNew(java.lang.String)
2017-12-12 15:01:18,961 - Mapped "{[/msg/{msgId}],methods=[DELETE]}" onto public com.gokeeper.vo.ResultVO com.gokeeper.controller.api.MessageController.deleteOneMsg(java.lang.String)
2017-12-12 15:01:18,961 - Mapped "{[/msg/{msgId}],methods=[POST]}" onto public com.gokeeper.vo.ResultVO com.gokeeper.controller.api.MessageController.dingOneMsg(java.lang.String)
2017-12-12 15:01:18,962 - Mapped "{[/search],methods=[GET]}" onto public com.gokeeper.vo.ResultVO com.gokeeper.controller.api.SearchController.search(java.lang.Integer,java.lang.String,java.lang.String,java.lang.String,java.lang.String)
2017-12-12 15:01:18,963 - Mapped "{[/setting],methods=[GET]}" onto public com.gokeeper.vo.ResultVO com.gokeeper.controller.api.SettingController.getUserSetting(javax.servlet.http.HttpServletRequest)
2017-12-12 15:01:18,963 - Mapped "{[/setting],methods=[POST]}" onto public com.gokeeper.vo.ResultVO com.gokeeper.controller.api.SettingController.modifyUser(java.lang.String,java.lang.Integer,java.lang.String,java.lang.String,java.lang.String,javax.servlet.http.HttpServletRequest)
2017-12-12 15:01:18,964 - Mapped "{[/setting/qq/binding],methods=[POST]}" onto public com.gokeeper.vo.ResultVO com.gokeeper.controller.api.SettingController.qqBinDing(java.lang.String,javax.servlet.http.HttpServletRequest)
2017-12-12 15:01:18,964 - Mapped "{[/setting/qq/unbundling],methods=[POST]}" onto public com.gokeeper.vo.ResultVO com.gokeeper.controller.api.SettingController.qqUnBundling(javax.servlet.http.HttpServletRequest)
2017-12-12 15:01:18,964 - Mapped "{[/setting/wx/binding],methods=[POST]}" onto public com.gokeeper.vo.ResultVO com.gokeeper.controller.api.SettingController.wxBinDing(java.lang.String,javax.servlet.http.HttpServletRequest)
2017-12-12 15:01:18,964 - Mapped "{[/setting/wx/unbundling],methods=[POST]}" onto public com.gokeeper.vo.ResultVO com.gokeeper.controller.api.SettingController.wxUnBundling(javax.servlet.http.HttpServletRequest)
2017-12-12 15:01:18,965 - Mapped "{[/user/SUser],methods=[GET]}" onto public com.gokeeper.vo.ResultVO com.gokeeper.controller.api.UserController.getUserByPhone(java.lang.String)
2017-12-12 15:01:18,965 - Mapped "{[/wxpay/notify],methods=[POST]}" onto public org.springframework.web.servlet.ModelAndView com.gokeeper.controller.api.WxPayController.notify(java.lang.String)
2017-12-12 15:01:18,966 - Mapped "{[/wxpay/create],methods=[GET]}" onto public com.gokeeper.vo.ResultVO com.gokeeper.controller.api.WxPayController.create(java.lang.String,javax.servlet.http.HttpServletRequest)
2017-12-12 15:01:18,968 - Mapped "{[/code/{type}],methods=[GET]}" onto public void com.gokeeper.core.validate.code.ValidateCodeController.createCode(javax.servlet.http.HttpServletRequest,javax.servlet.http.HttpServletResponse,java.lang.String) throws java.lang.Exception
2017-12-12 15:01:18,969 - Mapped "{[/error]}" onto public org.springframework.http.ResponseEntity<java.util.Map<java.lang.String, java.lang.Object>> org.springframework.boot.autoconfigure.web.BasicErrorController.error(javax.servlet.http.HttpServletRequest)
2017-12-12 15:01:18,969 - Mapped "{[/error],produces=[text/html]}" onto public org.springframework.web.servlet.ModelAndView org.springframework.boot.autoconfigure.web.BasicErrorController.errorHtml(javax.servlet.http.HttpServletRequest,javax.servlet.http.HttpServletResponse)
2017-12-12 15:01:18,999 - Mapped URL path [/webjars/**] onto handler of type [class org.springframework.web.servlet.resource.ResourceHttpRequestHandler]
2017-12-12 15:01:18,999 - Mapped URL path [/**] onto handler of type [class org.springframework.web.servlet.resource.ResourceHttpRequestHandler]
2017-12-12 15:01:19,015 - Detected @ExceptionHandler methods in sellerExceptionHandler
2017-12-12 15:01:19,035 - Mapped URL path [/**/favicon.ico] onto handler of type [class org.springframework.web.servlet.resource.ResourceHttpRequestHandler]
2017-12-12 15:01:19,073 - Adding welcome page: class path resource [resources/index.html]
2017-12-12 15:01:24,430 - ClassTemplateLoader for Spring macros added to FreeMarker configuration
2017-12-12 15:01:24,619 - Registering beans for JMX exposure on startup
2017-12-12 15:01:24,631 - Starting beans in phase 2147483647
2017-12-12 15:01:24,648 - Initializing ProtocolHandler ["http-nio-8080"]
2017-12-12 15:01:24,657 - Starting ProtocolHandler ["http-nio-8080"]
2017-12-12 15:01:24,678 - Using a shared selector for servlet write/read
2017-12-12 15:01:24,696 - Tomcat started on port(s): 8080 (http)
2017-12-12 15:01:24,702 - Started GoKeeperApplication in 27.732 seconds (JVM running for 38.395)
2017-12-12 15:01:30,096 - HHH000397: Using ASTQueryTranslatorFactory
2017-12-12 15:06:30,514 - Initializing Spring FrameworkServlet 'dispatcherServlet'
2017-12-12 15:06:30,514 - FrameworkServlet 'dispatcherServlet': initialization started
2017-12-12 15:06:30,532 - FrameworkServlet 'dispatcherServlet': initialization completed in 18 ms
2017-12-12 15:07:59,693 - 【谁登陆了：】oRrdQt-aB3OpNKXvhbDPFsmqoNUY 夜染黑的白发 http://wx.qlogo.cn/mmopen/vi_32/DYAIOgq83erphic5ME8TQtH8ibIJRFBcCfoHISFvBFabo2XdibrmHQOBH1M1KqiagseCumsB1Okw9o7iaRUe9g8z8dw/0 1
2017-12-12 15:29:06,561 - [go页面的发起人信息：]夜染黑的白发
2017-12-12 15:29:11,047 - [go页面的发起人信息：]夜染黑的白发
2017-12-12 16:47:20,159 - Closing org.springframework.boot.context.embedded.AnnotationConfigEmbeddedWebApplicationContext@6200f9cb: startup date [Tue Dec 12 15:01:12 CST 2017]; root of context hierarchy
2017-12-12 16:47:20,160 - Stopping beans in phase 2147483647
2017-12-12 16:47:20,163 - Unregistering JMX-exposed beans on shutdown
2017-12-12 16:47:20,163 - Shutting down ExecutorService 'defaultSockJsTaskScheduler'
2017-12-12 16:47:20,165 - Closing JPA EntityManagerFactory for persistence unit 'default'
