2017-11-28 23:48:24,148 - Starting GoKeeperApplication on Akk-mbp.lan with PID 26965 (started by Akk_Mac in /Users/Akk_mac/E_pan/IntelliJidea Project File/SpringIO项目/gokeeper-mix/jar)
2017-11-28 23:48:24,150 - No active profile set, falling back to default profiles: default
2017-11-28 23:48:24,216 - Refreshing org.springframework.boot.context.embedded.AnnotationConfigEmbeddedWebApplicationContext@1ad06d5e: startup date [Tue Nov 28 23:48:24 CST 2017]; root of context hierarchy
2017-11-28 23:48:24,543 - HV000001: Hibernate Validator 5.3.5.Final
2017-11-28 23:48:25,346 - Multiple Spring Data modules found, entering strict repository configuration mode!
2017-11-28 23:48:25,496 - Multiple Spring Data modules found, entering strict repository configuration mode!
2017-11-28 23:48:25,579 - Spring Data Redis - Could not safely identify store assignment for repository candidate interface com.gokeeper.repository.InviteNewsRepository.
2017-11-28 23:48:25,580 - Spring Data Redis - Could not safely identify store assignment for repository candidate interface com.gokeeper.repository.UserRecordRepository.
2017-11-28 23:48:25,580 - Spring Data Redis - Could not safely identify store assignment for repository candidate interface com.gokeeper.repository.TTpDetailRepository.
2017-11-28 23:48:25,581 - Spring Data Redis - Could not safely identify store assignment for repository candidate interface com.gokeeper.repository.TtpNewsRepository.
2017-11-28 23:48:25,581 - Spring Data Redis - Could not safely identify store assignment for repository candidate interface com.gokeeper.repository.UserTtpRepository.
2017-11-28 23:48:25,582 - Spring Data Redis - Could not safely identify store assignment for repository candidate interface com.gokeeper.repository.SystemNewsRspository.
2017-11-28 23:48:25,582 - Spring Data Redis - Could not safely identify store assignment for repository candidate interface com.gokeeper.repository.TtpTypeRepository.
2017-11-28 23:48:25,582 - Spring Data Redis - Could not safely identify store assignment for repository candidate interface com.gokeeper.repository.UserInfoRepository.
2017-11-28 23:48:25,954 - JSR-330 'javax.inject.Inject' annotation found and supported for autowiring
2017-11-28 23:48:26,929 - Tomcat initialized with port(s): 8080 (http)
2017-11-28 23:48:26,943 - Starting service [Tomcat]
2017-11-28 23:48:26,944 - Starting Servlet Engine: Apache Tomcat/8.5.16
2017-11-28 23:48:27,079 - Initializing Spring embedded WebApplicationContext
2017-11-28 23:48:27,079 - Root WebApplicationContext: initialization completed in 2863 ms
2017-11-28 23:48:27,353 - Mapping servlet: 'dispatcherServlet' to [/]
2017-11-28 23:48:27,360 - Mapping filter: 'characterEncodingFilter' to: [/*]
2017-11-28 23:48:27,360 - Mapping filter: 'hiddenHttpMethodFilter' to: [/*]
2017-11-28 23:48:27,360 - Mapping filter: 'httpPutFormContentFilter' to: [/*]
2017-11-28 23:48:27,361 - Mapping filter: 'requestContextFilter' to: [/*]
2017-11-28 23:48:34,954 - Building JPA container EntityManagerFactory for persistence unit 'default'
2017-11-28 23:48:34,975 - HHH000204: Processing PersistenceUnitInfo [
	name: default
	...]
2017-11-28 23:48:35,072 - HHH000412: Hibernate Core {5.0.12.Final}
2017-11-28 23:48:35,075 - HHH000206: hibernate.properties not found
2017-11-28 23:48:35,077 - HHH000021: Bytecode provider name : javassist
2017-11-28 23:48:35,131 - HCANN000001: Hibernate Commons Annotations {5.0.1.Final}
2017-11-28 23:48:35,329 - HHH000400: Using dialect: org.hibernate.dialect.MySQL5Dialect
2017-11-28 23:48:35,832 - Initialized JPA EntityManagerFactory for persistence unit 'default'
2017-11-28 23:48:36,797 - Initializing ExecutorService  'defaultSockJsTaskScheduler'
2017-11-28 23:48:37,016 - Mapped URL path [/webSocketServer] onto handler of type [class org.springframework.web.socket.server.support.WebSocketHttpRequestHandler]
2017-11-28 23:48:37,017 - Mapped URL path [/sockjs/webSocketServer/**] onto handler of type [class org.springframework.web.socket.sockjs.support.SockJsHttpRequestHandler]
2017-11-28 23:48:37,458 - Looking for @ControllerAdvice: org.springframework.boot.context.embedded.AnnotationConfigEmbeddedWebApplicationContext@1ad06d5e: startup date [Tue Nov 28 23:48:24 CST 2017]; root of context hierarchy
2017-11-28 23:48:37,563 - Mapped "{[/sessionout],methods=[POST]}" onto public com.gokeeper.vo.ResultVO com.gokeeper.controller.SessionController.signOut(javax.servlet.http.HttpServletRequest)
2017-11-28 23:48:37,566 - Mapped "{[/login/authentication/oldmobile],methods=[GET]}" onto public com.gokeeper.vo.ResultVO com.gokeeper.controller.UserLogin.oldsms(java.lang.String,javax.servlet.http.HttpServletRequest)
2017-11-28 23:48:37,566 - Mapped "{[/login/authentication/mobile],methods=[GET]}" onto public com.gokeeper.vo.ResultVO com.gokeeper.controller.UserLogin.sms(java.lang.String,java.lang.String,javax.servlet.http.HttpServletRequest)
2017-11-28 23:48:37,566 - Mapped "{[/login/authentication/oicq],methods=[GET]}" onto public com.gokeeper.vo.ResultVO com.gokeeper.controller.UserLogin.oicqlogin(java.lang.String,java.lang.String,java.lang.String,java.lang.Integer,java.lang.String,javax.servlet.http.HttpServletRequest)
2017-11-28 23:48:37,567 - Mapped "{[/login/authentication/weixin],methods=[GET]}" onto public com.gokeeper.vo.ResultVO com.gokeeper.controller.UserLogin.weixinlogin(java.lang.String,java.lang.String,java.lang.String,java.lang.Integer,java.lang.String,javax.servlet.http.HttpServletRequest)
2017-11-28 23:48:37,569 - Mapped "{[/go],methods=[GET]}" onto public com.gokeeper.vo.ResultVO com.gokeeper.controller.api.GoController.goList(java.lang.String,javax.servlet.http.HttpServletRequest)
2017-11-28 23:48:37,569 - Mapped "{[/go/{ttpId}],methods=[GET]}" onto public com.gokeeper.vo.ResultVO com.gokeeper.controller.api.GoController.getOne(java.lang.String,java.lang.String,javax.servlet.http.HttpServletRequest)
2017-11-28 23:48:37,569 - Mapped "{[/go/{ttpId}],methods=[POST]}" onto public com.gokeeper.vo.ResultVO com.gokeeper.controller.api.GoController.quit(java.lang.String,java.lang.String,javax.servlet.http.HttpServletRequest)
2017-11-28 23:48:37,571 - Mapped "{[/msg],methods=[GET]}" onto public com.gokeeper.vo.ResultVO com.gokeeper.controller.api.MessageController.list(java.lang.Integer,javax.servlet.http.HttpServletRequest)
2017-11-28 23:48:37,571 - Mapped "{[/msg/{msgId}],methods=[GET]}" onto public com.gokeeper.vo.ResultVO com.gokeeper.controller.api.MessageController.getOneNew(java.lang.String)
2017-11-28 23:48:37,572 - Mapped "{[/msg/{msgId}],methods=[DELETE]}" onto public com.gokeeper.vo.ResultVO com.gokeeper.controller.api.MessageController.deleteOneMsg(java.lang.String)
2017-11-28 23:48:37,572 - Mapped "{[/msg/{msgId}],methods=[POST]}" onto public com.gokeeper.vo.ResultVO com.gokeeper.controller.api.MessageController.dingOneMsg(java.lang.String)
2017-11-28 23:48:37,573 - Mapped "{[/join],methods=[GET]}" onto public com.gokeeper.vo.ResultVO com.gokeeper.controller.api.JoinController.getAllList()
2017-11-28 23:48:37,573 - Mapped "{[/join/{ttpId}],methods=[GET]}" onto public com.gokeeper.vo.ResultVO com.gokeeper.controller.api.JoinController.getOneTtp(java.lang.String)
2017-11-28 23:48:37,574 - Mapped "{[/join/{ttpId}],methods=[POST]}" onto public com.gokeeper.vo.ResultVO com.gokeeper.controller.api.JoinController.atttend(javax.servlet.http.HttpServletRequest,java.lang.String)
2017-11-28 23:48:37,574 - Mapped "{[/search],methods=[GET]}" onto public com.gokeeper.vo.ResultVO com.gokeeper.controller.api.SearchController.search(java.lang.Integer,java.lang.String,java.lang.String,java.lang.String,java.lang.String)
2017-11-28 23:48:37,575 - Mapped "{[/ttp/create],methods=[POST]}" onto public com.gokeeper.vo.ResultVO com.gokeeper.controller.api.FaqiController.creat(com.gokeeper.form.TtpForm,org.springframework.validation.BindingResult,javax.servlet.http.HttpServletRequest) throws java.lang.Exception
2017-11-28 23:48:37,575 - Mapped "{[/ttp/alltype],methods=[GET]}" onto public com.gokeeper.vo.ResultVO com.gokeeper.controller.api.FaqiController.findAllType()
2017-11-28 23:48:37,576 - Mapped "{[/setting],methods=[GET]}" onto public com.gokeeper.vo.ResultVO com.gokeeper.controller.api.SettingController.getUserSetting(javax.servlet.http.HttpServletRequest)
2017-11-28 23:48:37,577 - Mapped "{[/setting],methods=[POST]}" onto public com.gokeeper.vo.ResultVO com.gokeeper.controller.api.SettingController.modifyUser(java.lang.String,java.lang.Integer,java.lang.String,java.lang.String,java.lang.String,javax.servlet.http.HttpServletRequest)
2017-11-28 23:48:37,577 - Mapped "{[/setting/qq/binding],methods=[POST]}" onto public com.gokeeper.vo.ResultVO com.gokeeper.controller.api.SettingController.qqBinDing(java.lang.String,javax.servlet.http.HttpServletRequest)
2017-11-28 23:48:37,577 - Mapped "{[/setting/qq/unbundling],methods=[POST]}" onto public com.gokeeper.vo.ResultVO com.gokeeper.controller.api.SettingController.qqUnBundling(javax.servlet.http.HttpServletRequest)
2017-11-28 23:48:37,577 - Mapped "{[/setting/wx/binding],methods=[POST]}" onto public com.gokeeper.vo.ResultVO com.gokeeper.controller.api.SettingController.wxBinDing(java.lang.String,javax.servlet.http.HttpServletRequest)
2017-11-28 23:48:37,578 - Mapped "{[/setting/wx/unbundling],methods=[POST]}" onto public com.gokeeper.vo.ResultVO com.gokeeper.controller.api.SettingController.wxUnBundling(javax.servlet.http.HttpServletRequest)
2017-11-28 23:48:37,578 - Mapped "{[/user/getUserByPhone],methods=[GET]}" onto public com.gokeeper.vo.ResultVO com.gokeeper.controller.api.UserController.getUserByPhone(java.lang.String)
2017-11-28 23:48:37,579 - Mapped "{[/wxpay/notify],methods=[POST]}" onto public org.springframework.web.servlet.ModelAndView com.gokeeper.controller.api.WxPayController.notify(java.lang.String)
2017-11-28 23:48:37,579 - Mapped "{[/wxpay/create],methods=[GET]}" onto public com.gokeeper.vo.ResultVO com.gokeeper.controller.api.WxPayController.create(java.lang.String,javax.servlet.http.HttpServletRequest)
2017-11-28 23:48:37,580 - Mapped "{[/websocket/systemnews],methods=[POST]}" onto public void com.gokeeper.controller.WebsocketController.sandSystemNews(java.lang.String,java.lang.String,javax.servlet.http.HttpServletRequest)
2017-11-28 23:48:37,580 - Mapped "{[/websocket/go/invite],methods=[POST]}" onto public void com.gokeeper.controller.WebsocketController.sendInviteNews(java.lang.String,java.lang.String,javax.servlet.http.HttpServletRequest)
2017-11-28 23:48:37,581 - Mapped "{[/websocket/login]}" onto public org.springframework.web.servlet.ModelAndView com.gokeeper.controller.WebsocketController.login(javax.servlet.http.HttpServletRequest,java.util.Map<java.lang.String, java.lang.Object>) throws java.lang.Exception
2017-11-28 23:48:37,581 - Mapped "{[/websocket/test]}" onto public void com.gokeeper.controller.WebsocketController.sendone(javax.servlet.http.HttpServletRequest)
2017-11-28 23:48:37,583 - Mapped "{[/code/{type}],methods=[GET]}" onto public void com.gokeeper.core.validate.code.ValidateCodeController.createCode(javax.servlet.http.HttpServletRequest,javax.servlet.http.HttpServletResponse,java.lang.String) throws java.lang.Exception
2017-11-28 23:48:37,588 - Mapped "{[/error]}" onto public org.springframework.http.ResponseEntity<java.util.Map<java.lang.String, java.lang.Object>> org.springframework.boot.autoconfigure.web.BasicErrorController.error(javax.servlet.http.HttpServletRequest)
2017-11-28 23:48:37,588 - Mapped "{[/error],produces=[text/html]}" onto public org.springframework.web.servlet.ModelAndView org.springframework.boot.autoconfigure.web.BasicErrorController.errorHtml(javax.servlet.http.HttpServletRequest,javax.servlet.http.HttpServletResponse)
2017-11-28 23:48:37,635 - Mapped URL path [/webjars/**] onto handler of type [class org.springframework.web.servlet.resource.ResourceHttpRequestHandler]
2017-11-28 23:48:37,635 - Mapped URL path [/**] onto handler of type [class org.springframework.web.servlet.resource.ResourceHttpRequestHandler]
2017-11-28 23:48:37,662 - Detected @ExceptionHandler methods in sellerExceptionHandler
2017-11-28 23:48:37,702 - Mapped URL path [/**/favicon.ico] onto handler of type [class org.springframework.web.servlet.resource.ResourceHttpRequestHandler]
2017-11-28 23:48:37,778 - Adding welcome page: class path resource [resources/index.html]
2017-11-28 23:48:38,412 - SpringTemplateLoader for FreeMarker: using resource loader [org.springframework.boot.context.embedded.AnnotationConfigEmbeddedWebApplicationContext@1ad06d5e: startup date [Tue Nov 28 23:48:24 CST 2017]; root of context hierarchy] and template loader path [classpath:/templates/]
2017-11-28 23:48:38,413 - ClassTemplateLoader for Spring macros added to FreeMarker configuration
2017-11-28 23:48:38,686 - Registering beans for JMX exposure on startup
2017-11-28 23:48:38,694 - Starting beans in phase 2147483647
2017-11-28 23:48:38,714 - Initializing ProtocolHandler ["http-nio-8080"]
2017-11-28 23:48:38,730 - Starting ProtocolHandler ["http-nio-8080"]
2017-11-28 23:48:38,751 - Using a shared selector for servlet write/read
2017-11-28 23:48:38,777 - Tomcat started on port(s): 8080 (http)
2017-11-28 23:48:38,782 - Started GoKeeperApplication in 17.242 seconds (JVM running for 17.853)
2017-11-28 23:48:42,139 - HHH000397: Using ASTQueryTranslatorFactory
2017-11-28 23:48:56,533 - Initializing Spring FrameworkServlet 'dispatcherServlet'
2017-11-28 23:48:56,534 - FrameworkServlet 'dispatcherServlet': initialization started
2017-11-28 23:48:56,565 - FrameworkServlet 'dispatcherServlet': initialization completed in 31 ms
2017-11-28 23:48:56,590 - type是不是null？nullURI/gokeeper/login/authentication/oicq
2017-11-28 23:48:59,252 - type是不是null？nullURI/gokeeper/msg
2017-11-28 23:48:59,291 - type是不是null？nullURI/gokeeper/go
2017-11-28 23:48:59,420 - type是不是null？nullURI/gokeeper/join
2017-11-28 23:48:59,420 - type是不是null？nullURI/gokeeper/setting
2017-11-28 23:49:44,022 - type是不是null？nullURI/gokeeper/sessionout
2017-11-28 23:49:52,926 - type是不是null？nullURI/gokeeper/code/sms
2017-11-28 23:49:52,941 - 保存验证码到session：SESSION_KEY_FOR_CODE_SMS
2017-11-28 23:49:52,941 - 【短信发送成功】result=628194
2017-11-28 23:51:14,885 - Closing org.springframework.boot.context.embedded.AnnotationConfigEmbeddedWebApplicationContext@1ad06d5e: startup date [Tue Nov 28 23:48:24 CST 2017]; root of context hierarchy
2017-11-28 23:51:14,888 - Stopping beans in phase 2147483647
2017-11-28 23:51:14,892 - Unregistering JMX-exposed beans on shutdown
2017-11-28 23:51:14,893 - Shutting down ExecutorService 'defaultSockJsTaskScheduler'
2017-11-28 23:51:14,898 - Closing JPA EntityManagerFactory for persistence unit 'default'
