2017-11-29 12:47:08,680 - Starting GoKeeperApplication on Akk-mbp.lan with PID 27295 (/Users/Akk_mac/E_pan/IntelliJidea Project File/SpringIO项目/gokeeper-mix/jar/gokeeperdemo.jar started by Akk_Mac in /Users/Akk_mac/E_pan/IntelliJidea Project File/SpringIO项目/gokeeper-mix/jar)
2017-11-29 12:47:08,683 - No active profile set, falling back to default profiles: default
2017-11-29 12:47:08,748 - Refreshing org.springframework.boot.context.embedded.AnnotationConfigEmbeddedWebApplicationContext@8e0c410: startup date [Wed Nov 29 12:47:08 CST 2017]; root of context hierarchy
2017-11-29 12:47:09,094 - HV000001: Hibernate Validator 5.3.5.Final
2017-11-29 12:47:09,841 - Multiple Spring Data modules found, entering strict repository configuration mode!
2017-11-29 12:47:09,940 - Multiple Spring Data modules found, entering strict repository configuration mode!
2017-11-29 12:47:09,991 - Spring Data Redis - Could not safely identify store assignment for repository candidate interface com.gokeeper.repository.InviteNewsRepository.
2017-11-29 12:47:09,991 - Spring Data Redis - Could not safely identify store assignment for repository candidate interface com.gokeeper.repository.UserRecordRepository.
2017-11-29 12:47:09,992 - Spring Data Redis - Could not safely identify store assignment for repository candidate interface com.gokeeper.repository.TTpDetailRepository.
2017-11-29 12:47:09,993 - Spring Data Redis - Could not safely identify store assignment for repository candidate interface com.gokeeper.repository.TtpNewsRepository.
2017-11-29 12:47:09,993 - Spring Data Redis - Could not safely identify store assignment for repository candidate interface com.gokeeper.repository.UserTtpRepository.
2017-11-29 12:47:09,994 - Spring Data Redis - Could not safely identify store assignment for repository candidate interface com.gokeeper.repository.SystemNewsRspository.
2017-11-29 12:47:09,995 - Spring Data Redis - Could not safely identify store assignment for repository candidate interface com.gokeeper.repository.TtpTypeRepository.
2017-11-29 12:47:09,995 - Spring Data Redis - Could not safely identify store assignment for repository candidate interface com.gokeeper.repository.UserInfoRepository.
2017-11-29 12:47:10,370 - JSR-330 'javax.inject.Inject' annotation found and supported for autowiring
2017-11-29 12:47:11,411 - Tomcat initialized with port(s): 8080 (http)
2017-11-29 12:47:11,427 - Starting service [Tomcat]
2017-11-29 12:47:11,429 - Starting Servlet Engine: Apache Tomcat/8.5.16
2017-11-29 12:47:11,569 - Initializing Spring embedded WebApplicationContext
2017-11-29 12:47:11,569 - Root WebApplicationContext: initialization completed in 2821 ms
2017-11-29 12:47:11,863 - Mapping servlet: 'dispatcherServlet' to [/]
2017-11-29 12:47:11,871 - Mapping filter: 'characterEncodingFilter' to: [/*]
2017-11-29 12:47:11,872 - Mapping filter: 'hiddenHttpMethodFilter' to: [/*]
2017-11-29 12:47:11,872 - Mapping filter: 'httpPutFormContentFilter' to: [/*]
2017-11-29 12:47:11,872 - Mapping filter: 'requestContextFilter' to: [/*]
2017-11-29 12:47:16,324 - Building JPA container EntityManagerFactory for persistence unit 'default'
2017-11-29 12:47:16,346 - HHH000204: Processing PersistenceUnitInfo [
	name: default
	...]
2017-11-29 12:47:16,440 - HHH000412: Hibernate Core {5.0.12.Final}
2017-11-29 12:47:16,443 - HHH000206: hibernate.properties not found
2017-11-29 12:47:16,445 - HHH000021: Bytecode provider name : javassist
2017-11-29 12:47:16,500 - HCANN000001: Hibernate Commons Annotations {5.0.1.Final}
2017-11-29 12:47:16,719 - HHH000400: Using dialect: org.hibernate.dialect.MySQL5Dialect
2017-11-29 12:47:17,215 - Initialized JPA EntityManagerFactory for persistence unit 'default'
2017-11-29 12:47:18,204 - Initializing ExecutorService  'defaultSockJsTaskScheduler'
2017-11-29 12:47:18,318 - Mapped URL path [/webSocketServer] onto handler of type [class org.springframework.web.socket.server.support.WebSocketHttpRequestHandler]
2017-11-29 12:47:18,318 - Mapped URL path [/sockjs/webSocketServer/**] onto handler of type [class org.springframework.web.socket.sockjs.support.SockJsHttpRequestHandler]
2017-11-29 12:47:18,790 - Looking for @ControllerAdvice: org.springframework.boot.context.embedded.AnnotationConfigEmbeddedWebApplicationContext@8e0c410: startup date [Wed Nov 29 12:47:08 CST 2017]; root of context hierarchy
2017-11-29 12:47:18,893 - Mapped "{[/sessionout],methods=[POST]}" onto public com.gokeeper.vo.ResultVO com.gokeeper.controller.SessionController.signOut(javax.servlet.http.HttpServletRequest)
2017-11-29 12:47:18,896 - Mapped "{[/login/authentication/oldmobile],methods=[GET]}" onto public com.gokeeper.vo.ResultVO com.gokeeper.controller.UserLogin.oldsms(java.lang.String,javax.servlet.http.HttpServletRequest)
2017-11-29 12:47:18,896 - Mapped "{[/login/authentication/oicq],methods=[GET]}" onto public com.gokeeper.vo.ResultVO com.gokeeper.controller.UserLogin.oicqlogin(java.lang.String,java.lang.String,java.lang.String,java.lang.Integer,java.lang.String,javax.servlet.http.HttpServletRequest)
2017-11-29 12:47:18,896 - Mapped "{[/login/authentication/weixin],methods=[GET]}" onto public com.gokeeper.vo.ResultVO com.gokeeper.controller.UserLogin.weixinlogin(java.lang.String,java.lang.String,java.lang.String,java.lang.Integer,java.lang.String,javax.servlet.http.HttpServletRequest)
2017-11-29 12:47:18,897 - Mapped "{[/login/authentication/mobile],methods=[GET]}" onto public com.gokeeper.vo.ResultVO com.gokeeper.controller.UserLogin.sms(java.lang.String,java.lang.String,javax.servlet.http.HttpServletRequest)
2017-11-29 12:47:18,899 - Mapped "{[/go],methods=[GET]}" onto public com.gokeeper.vo.ResultVO com.gokeeper.controller.api.GoController.goList(java.lang.String,javax.servlet.http.HttpServletRequest)
2017-11-29 12:47:18,899 - Mapped "{[/go/{ttpId}],methods=[GET]}" onto public com.gokeeper.vo.ResultVO com.gokeeper.controller.api.GoController.getOne(java.lang.String,java.lang.String,javax.servlet.http.HttpServletRequest)
2017-11-29 12:47:18,899 - Mapped "{[/go/{ttpId}],methods=[POST]}" onto public com.gokeeper.vo.ResultVO com.gokeeper.controller.api.GoController.quit(java.lang.String,java.lang.String,javax.servlet.http.HttpServletRequest)
2017-11-29 12:47:18,901 - Mapped "{[/msg],methods=[GET]}" onto public com.gokeeper.vo.ResultVO com.gokeeper.controller.api.MessageController.list(java.lang.Integer,javax.servlet.http.HttpServletRequest)
2017-11-29 12:47:18,902 - Mapped "{[/msg/{msgId}],methods=[GET]}" onto public com.gokeeper.vo.ResultVO com.gokeeper.controller.api.MessageController.getOneNew(java.lang.String)
2017-11-29 12:47:18,902 - Mapped "{[/msg/{msgId}],methods=[DELETE]}" onto public com.gokeeper.vo.ResultVO com.gokeeper.controller.api.MessageController.deleteOneMsg(java.lang.String)
2017-11-29 12:47:18,902 - Mapped "{[/msg/{msgId}],methods=[POST]}" onto public com.gokeeper.vo.ResultVO com.gokeeper.controller.api.MessageController.dingOneMsg(java.lang.String)
2017-11-29 12:47:18,904 - Mapped "{[/join/{ttpId}],methods=[POST]}" onto public com.gokeeper.vo.ResultVO com.gokeeper.controller.api.JoinController.atttend(javax.servlet.http.HttpServletRequest,java.lang.String)
2017-11-29 12:47:18,904 - Mapped "{[/join/{ttpId}],methods=[GET]}" onto public com.gokeeper.vo.ResultVO com.gokeeper.controller.api.JoinController.getOneTtp(java.lang.String)
2017-11-29 12:47:18,904 - Mapped "{[/join],methods=[GET]}" onto public com.gokeeper.vo.ResultVO com.gokeeper.controller.api.JoinController.getAllList()
2017-11-29 12:47:18,905 - Mapped "{[/search],methods=[GET]}" onto public com.gokeeper.vo.ResultVO com.gokeeper.controller.api.SearchController.search(java.lang.Integer,java.lang.String,java.lang.String,java.lang.String,java.lang.String)
2017-11-29 12:47:18,906 - Mapped "{[/ttp/create],methods=[POST]}" onto public com.gokeeper.vo.ResultVO com.gokeeper.controller.api.FaqiController.creat(com.gokeeper.form.TtpForm,org.springframework.validation.BindingResult,javax.servlet.http.HttpServletRequest) throws java.lang.Exception
2017-11-29 12:47:18,906 - Mapped "{[/ttp/alltype],methods=[GET]}" onto public com.gokeeper.vo.ResultVO com.gokeeper.controller.api.FaqiController.findAllType()
2017-11-29 12:47:18,907 - Mapped "{[/setting],methods=[GET]}" onto public com.gokeeper.vo.ResultVO com.gokeeper.controller.api.SettingController.getUserSetting(javax.servlet.http.HttpServletRequest)
2017-11-29 12:47:18,908 - Mapped "{[/setting/qq/binding],methods=[POST]}" onto public com.gokeeper.vo.ResultVO com.gokeeper.controller.api.SettingController.qqBinDing(java.lang.String,javax.servlet.http.HttpServletRequest)
2017-11-29 12:47:18,908 - Mapped "{[/setting],methods=[POST]}" onto public com.gokeeper.vo.ResultVO com.gokeeper.controller.api.SettingController.modifyUser(java.lang.String,java.lang.Integer,java.lang.String,java.lang.String,java.lang.String,javax.servlet.http.HttpServletRequest)
2017-11-29 12:47:18,908 - Mapped "{[/setting/wx/binding],methods=[POST]}" onto public com.gokeeper.vo.ResultVO com.gokeeper.controller.api.SettingController.wxBinDing(java.lang.String,javax.servlet.http.HttpServletRequest)
2017-11-29 12:47:18,909 - Mapped "{[/setting/qq/unbundling],methods=[POST]}" onto public com.gokeeper.vo.ResultVO com.gokeeper.controller.api.SettingController.qqUnBundling(javax.servlet.http.HttpServletRequest)
2017-11-29 12:47:18,909 - Mapped "{[/setting/wx/unbundling],methods=[POST]}" onto public com.gokeeper.vo.ResultVO com.gokeeper.controller.api.SettingController.wxUnBundling(javax.servlet.http.HttpServletRequest)
2017-11-29 12:47:18,910 - Mapped "{[/user/getUserByPhone],methods=[GET]}" onto public com.gokeeper.vo.ResultVO com.gokeeper.controller.api.UserController.getUserByPhone(java.lang.String)
2017-11-29 12:47:18,911 - Mapped "{[/wxpay/notify],methods=[POST]}" onto public org.springframework.web.servlet.ModelAndView com.gokeeper.controller.api.WxPayController.notify(java.lang.String)
2017-11-29 12:47:18,911 - Mapped "{[/wxpay/create],methods=[GET]}" onto public com.gokeeper.vo.ResultVO com.gokeeper.controller.api.WxPayController.create(java.lang.String,javax.servlet.http.HttpServletRequest)
2017-11-29 12:47:18,912 - Mapped "{[/websocket/test]}" onto public void com.gokeeper.controller.WebsocketController.sendone(javax.servlet.http.HttpServletRequest)
2017-11-29 12:47:18,912 - Mapped "{[/websocket/systemnews],methods=[POST]}" onto public void com.gokeeper.controller.WebsocketController.sandSystemNews(java.lang.String,java.lang.String,javax.servlet.http.HttpServletRequest)
2017-11-29 12:47:18,913 - Mapped "{[/websocket/login]}" onto public org.springframework.web.servlet.ModelAndView com.gokeeper.controller.WebsocketController.login(javax.servlet.http.HttpServletRequest,java.util.Map<java.lang.String, java.lang.Object>) throws java.lang.Exception
2017-11-29 12:47:18,913 - Mapped "{[/websocket/go/invite],methods=[POST]}" onto public void com.gokeeper.controller.WebsocketController.sendInviteNews(java.lang.String,java.lang.String,javax.servlet.http.HttpServletRequest)
2017-11-29 12:47:18,916 - Mapped "{[/code/{type}],methods=[GET]}" onto public void com.gokeeper.core.validate.code.ValidateCodeController.createCode(javax.servlet.http.HttpServletRequest,javax.servlet.http.HttpServletResponse,java.lang.String) throws java.lang.Exception
2017-11-29 12:47:18,918 - Mapped "{[/error]}" onto public org.springframework.http.ResponseEntity<java.util.Map<java.lang.String, java.lang.Object>> org.springframework.boot.autoconfigure.web.BasicErrorController.error(javax.servlet.http.HttpServletRequest)
2017-11-29 12:47:18,919 - Mapped "{[/error],produces=[text/html]}" onto public org.springframework.web.servlet.ModelAndView org.springframework.boot.autoconfigure.web.BasicErrorController.errorHtml(javax.servlet.http.HttpServletRequest,javax.servlet.http.HttpServletResponse)
2017-11-29 12:47:18,968 - Mapped URL path [/webjars/**] onto handler of type [class org.springframework.web.servlet.resource.ResourceHttpRequestHandler]
2017-11-29 12:47:18,969 - Mapped URL path [/**] onto handler of type [class org.springframework.web.servlet.resource.ResourceHttpRequestHandler]
2017-11-29 12:47:18,998 - Detected @ExceptionHandler methods in sellerExceptionHandler
2017-11-29 12:47:19,038 - Mapped URL path [/**/favicon.ico] onto handler of type [class org.springframework.web.servlet.resource.ResourceHttpRequestHandler]
2017-11-29 12:47:19,115 - Adding welcome page: class path resource [resources/index.html]
2017-11-29 12:47:19,782 - SpringTemplateLoader for FreeMarker: using resource loader [org.springframework.boot.context.embedded.AnnotationConfigEmbeddedWebApplicationContext@8e0c410: startup date [Wed Nov 29 12:47:08 CST 2017]; root of context hierarchy] and template loader path [classpath:/templates/]
2017-11-29 12:47:19,783 - ClassTemplateLoader for Spring macros added to FreeMarker configuration
2017-11-29 12:47:20,000 - Registering beans for JMX exposure on startup
2017-11-29 12:47:20,006 - Starting beans in phase 2147483647
2017-11-29 12:47:20,022 - Initializing ProtocolHandler ["http-nio-8080"]
2017-11-29 12:47:20,038 - Starting ProtocolHandler ["http-nio-8080"]
2017-11-29 12:47:20,063 - Using a shared selector for servlet write/read
2017-11-29 12:47:20,087 - Tomcat started on port(s): 8080 (http)
2017-11-29 12:47:20,093 - Started GoKeeperApplication in 12.544 seconds (JVM running for 13.165)
2017-11-29 12:47:30,116 - HHH000397: Using ASTQueryTranslatorFactory
2017-11-29 12:48:35,593 - Initializing Spring FrameworkServlet 'dispatcherServlet'
2017-11-29 12:48:35,593 - FrameworkServlet 'dispatcherServlet': initialization started
2017-11-29 12:48:35,628 - FrameworkServlet 'dispatcherServlet': initialization completed in 34 ms
2017-11-29 12:48:48,636 - 【谁登陆了：】ohTYT0tfJYpcRyMZYRDlTLLsSJB0 傑森 http://wx.qlogo.cn/mmopen/vi_32/pS3h84Gk9cbkPEP0QPrNziaKtzGibwOsueialUWW9gzG86ic2LsqzxLWqibJStXB8Dca4k3M35eCjqBL6Ttkm92JDuQ/0 1
2017-11-29 12:49:06,010 - 【短信验证码返回状态：】result={"code":200,"msg":"203","obj":"817123"}
2017-11-29 12:49:06,018 - 保存验证码到session：SESSION_KEY_FOR_CODE_SMS
2017-11-29 12:49:06,018 - 【短信发送成功】result=817123
2017-11-29 12:55:04,099 - Closing org.springframework.boot.context.embedded.AnnotationConfigEmbeddedWebApplicationContext@8e0c410: startup date [Wed Nov 29 12:47:08 CST 2017]; root of context hierarchy
2017-11-29 12:55:04,101 - Stopping beans in phase 2147483647
2017-11-29 12:55:04,104 - Unregistering JMX-exposed beans on shutdown
2017-11-29 12:55:04,104 - Shutting down ExecutorService 'defaultSockJsTaskScheduler'
2017-11-29 12:55:04,112 - Closing JPA EntityManagerFactory for persistence unit 'default'
